client_android/app/build/outputs/logs/manifest-merger-release-report.txt
-- Merging decision tree log ---
manifest
ADDED from src\main\AndroidManifest.xml:2:1-55:12
	package
		ADDED from src\main\AndroidManifest.xml:3:5-37
		INJECTED from src\main\AndroidManifest.xml
		INJECTED from src\main\AndroidManifest.xml
	android:versionName
		INJECTED from src\main\AndroidManifest.xml
		INJECTED from src\main\AndroidManifest.xml
	xmlns:android
		ADDED from src\main\AndroidManifest.xml:2:11-69
	android:versionCode
		INJECTED from src\main\AndroidManifest.xml
		INJECTED from src\main\AndroidManifest.xml
uses-permission#android.permission.WRITE_EXTERNAL_STORAGE
ADDED from src\main\AndroidManifest.xml:5:5-81
	android:name
		ADDED from src\main\AndroidManifest.xml:5:22-78
uses-permission#android.permission.READ_EXTERNAL_STORAGE
ADDED from src\main\AndroidManifest.xml:6:5-80
	android:name
		ADDED from src\main\AndroidManifest.xml:6:22-77
uses-permission#android.permission.INTERNET
ADDED from src\main\AndroidManifest.xml:7:5-67
	android:name
		ADDED from src\main\AndroidManifest.xml:7:22-64
uses-permission#android.permission.CHANGE_CONFIGURATION
ADDED from src\main\AndroidManifest.xml:8:5-79
	android:name
		ADDED from src\main\AndroidManifest.xml:8:22-76
uses-permission#android.permission.READ_PHONE_STATE
ADDED from src\main\AndroidManifest.xml:9:5-75
	android:name
		ADDED from src\main\AndroidManifest.xml:9:22-72
application
ADDED from src\main\AndroidManifest.xml:11:5-53:19
MERGED from [:egret:] AndroidManifest.xml:4:5-9:19
MERGED from [com.facebook.android:facebook-login:4.38.1] AndroidManifest.xml:28:5-29:19
MERGED from [com.facebook.android:facebook-common:4.38.1] AndroidManifest.xml:28:5-35:19
MERGED from [com.facebook.android:facebook-core:4.38.1] AndroidManifest.xml:28:5-51:19
	android:supportsRtl
		ADDED from [com.facebook.android:facebook-login:4.38.1] AndroidManifest.xml:28:18-44
meta-data#com.facebook.sdk.ApplicationId
ADDED from src\main\AndroidManifest.xml:22:9-24:55
	android:value
		ADDED from src\main\AndroidManifest.xml:24:13-52
	android:name
		ADDED from src\main\AndroidManifest.xml:23:13-58
activity#com.facebook.FacebookActivity
ADDED from src\main\AndroidManifest.xml:26:9-29:48
MERGED from [com.facebook.android:facebook-common:4.38.1] AndroidManifest.xml:29:9-32:66
	android:label
		ADDED from src\main\AndroidManifest.xml:29:13-45
	android:configChanges
		ADDED from src\main\AndroidManifest.xml:28:13-96
	android:theme
		ADDED from [com.facebook.android:facebook-common:4.38.1] AndroidManifest.xml:32:13-63
	android:name
		ADDED from src\main\AndroidManifest.xml:27:13-57
activity#com.facebook.CustomTabActivity
ADDED from src\main\AndroidManifest.xml:30:9-40:20
MERGED from [com.facebook.android:facebook-common:4.38.1] AndroidManifest.xml:34:9-67
	android:exported
		ADDED from src\main\AndroidManifest.xml:32:13-36
	android:name
		ADDED from src\main\AndroidManifest.xml:31:13-58
intent-filter#android.intent.action.VIEW+android.intent.category.BROWSABLE+android.intent.category.DEFAULT
ADDED from src\main\AndroidManifest.xml:33:13-39:29
action#android.intent.action.VIEW
ADDED from src\main\AndroidManifest.xml:33:28-80
	android:name
		ADDED from src\main\AndroidManifest.xml:33:36-77
category#android.intent.category.DEFAULT
ADDED from src\main\AndroidManifest.xml:35:17-76
	android:name
		ADDED from src\main\AndroidManifest.xml:35:27-73
category#android.intent.category.BROWSABLE
ADDED from src\main\AndroidManifest.xml:36:17-78
	android:name
		ADDED from src\main\AndroidManifest.xml:36:27-75
data
ADDED from src\main\AndroidManifest.xml:38:17-75
	android:scheme
		ADDED from src\main\AndroidManifest.xml:38:23-72
activity#com.jiantfuntexaspoker.MainActivity
ADDED from src\main\AndroidManifest.xml:41:9-52:20
	android:label
		ADDED from src\main\AndroidManifest.xml:45:13-45
	android:allowBackup
		ADDED from src\main\AndroidManifest.xml:43:13-39
	android:icon
		ADDED from src\main\AndroidManifest.xml:44:13-42
	android:theme
		ADDED from src\main\AndroidManifest.xml:46:13-47
	android:name
		ADDED from src\main\AndroidManifest.xml:42:13-63
intent-filter#android.intent.action.MAIN+android.intent.category.LAUNCHER
ADDED from src\main\AndroidManifest.xml:47:13-51:29
action#android.intent.action.MAIN
ADDED from src\main\AndroidManifest.xml:48:17-69
	android:name
		ADDED from src\main\AndroidManifest.xml:48:25-66
category#android.intent.category.LAUNCHER
ADDED from src\main\AndroidManifest.xml:50:17-77
	android:name
		ADDED from src\main\AndroidManifest.xml:50:27-74
uses-sdk
INJECTED from src\main\AndroidManifest.xml reason: use-sdk injection requested
MERGED from [client_android:gamelib:unspecified] AndroidManifest.xml:7:5-9:41
MERGED from [client_android:customloadingview:unspecified] AndroidManifest.xml:7:5-9:41
MERGED from [com.facebook.android:facebook-login:4.38.1] AndroidManifest.xml:24:5-26:41
MERGED from [com.facebook.android:facebook-common:4.38.1] AndroidManifest.xml:24:5-26:41
MERGED from [com.facebook.android:facebook-core:4.38.1] AndroidManifest.xml:24:5-26:41
MERGED from [com.android.support:support-v4:27.0.2] AndroidManifest.xml:20:5-44
MERGED from [com.android.support:support-media-compat:27.0.2] AndroidManifest.xml:20:5-44
MERGED from [com.android.support:cardview-v7:27.0.2] AndroidManifest.xml:20:5-44
MERGED from [com.android.support:customtabs:27.0.2] AndroidManifest.xml:20:5-44
MERGED from [com.android.support:appcompat-v7:27.1.1] AndroidManifest.xml:20:5-44
MERGED from [com.android.support:support-fragment:27.1.1] AndroidManifest.xml:20:5-44
MERGED from [android.arch.lifecycle:livedata-core:1.1.0] AndroidManifest.xml:20:5-44
MERGED from [android.arch.core:runtime:1.1.0] AndroidManifest.xml:20:5-44
MERGED from [android.arch.lifecycle:viewmodel:1.1.0] AndroidManifest.xml:20:5-44
MERGED from [com.android.support:animated-vector-drawable:27.1.1] AndroidManifest.xml:20:5-44
MERGED from [com.android.support:support-vector-drawable:27.1.1] AndroidManifest.xml:20:5-44
MERGED from [com.android.support:support-core-ui:27.1.1] AndroidManifest.xml:20:5-44
MERGED from [com.android.support:support-core-utils:27.1.1] AndroidManifest.xml:20:5-44
MERGED from [com.android.support:support-compat:27.1.1] AndroidManifest.xml:20:5-44
MERGED from [android.arch.lifecycle:runtime:1.1.0] AndroidManifest.xml:20:5-44
	android:targetSdkVersion
		INJECTED from src\main\AndroidManifest.xml
		INJECTED from src\main\AndroidManifest.xml
	android:minSdkVersion
		INJECTED from src\main\AndroidManifest.xml
		INJECTED from src\main\AndroidManifest.xml
service#com.liulishuo.filedownloader.services.FileDownloadService$SharedMainProcessService
ADDED from [:egret:] AndroidManifest.xml:5:9-118
	android:name
		ADDED from [:egret:] AndroidManifest.xml:5:18-115
service#com.liulishuo.filedownloader.services.FileDownloadService$SeparateProcessService
ADDED from [:egret:] AndroidManifest.xml:6:9-8:49
	android:process
		ADDED from [:egret:] AndroidManifest.xml:8:13-46
	android:name
		ADDED from [:egret:] AndroidManifest.xml:7:13-108
activity#com.facebook.CustomTabMainActivity
ADDED from [com.facebook.android:facebook-common:4.38.1] AndroidManifest.xml:33:9-71
	android:name
		ADDED from [com.facebook.android:facebook-common:4.38.1] AndroidManifest.xml:33:19-68
provider#com.facebook.internal.FacebookInitProvider
ADDED from [com.facebook.android:facebook-core:4.38.1] AndroidManifest.xml:39:9-42:40
	android:authorities
		ADDED from [com.facebook.android:facebook-core:4.38.1] AndroidManifest.xml:41:13-72
	android:exported
		ADDED from [com.facebook.android:facebook-core:4.38.1] AndroidManifest.xml:42:13-37
	android:name
		ADDED from [com.facebook.android:facebook-core:4.38.1] AndroidManifest.xml:40:13-70
receiver#com.facebook.CurrentAccessTokenExpirationBroadcastReceiver
ADDED from [com.facebook.android:facebook-core:4.38.1] AndroidManifest.xml:44:9-50:20
	android:exported
		ADDED from [com.facebook.android:facebook-core:4.38.1] AndroidManifest.xml:46:13-37
	android:name
		ADDED from [com.facebook.android:facebook-core:4.38.1] AndroidManifest.xml:45:13-86
intent-filter#com.facebook.sdk.ACTION_CURRENT_ACCESS_TOKEN_CHANGED
ADDED from [com.facebook.android:facebook-core:4.38.1] AndroidManifest.xml:47:13-49:29
action#com.facebook.sdk.ACTION_CURRENT_ACCESS_TOKEN_CHANGED
ADDED from [com.facebook.android:facebook-core:4.38.1] AndroidManifest.xml:48:17-95
	android:name
		ADDED from [com.facebook.android:facebook-core:4.38.1] AndroidManifest.xml:48:25-92